c:\cs\gradschool\huffman\huffman\debug\huffman.obj
c:\cs\gradschool\huffman\huffman\debug\main.obj
c:\cs\gradschool\huffman\huffman\debug\node.obj
c:\cs\gradschool\huffman\huffman\debug\vc100.pdb
c:\cs\gradschool\huffman\debug\huffman.ilk
c:\cs\gradschool\huffman\debug\huffman.exe
c:\cs\gradschool\huffman\huffman\debug\huffman.exe.intermediate.manifest
c:\cs\gradschool\huffman\debug\huffman.pdb
c:\cs\gradschool\huffman\huffman\debug\huffman.exe.embed.manifest
c:\cs\gradschool\huffman\huffman\debug\huffman.exe.embed.manifest.res
c:\cs\gradschool\huffman\huffman\debug\vc140.pdb
c:\cs\gradschool\huffman\huffman\debug\vc140.idb
c:\cs\gradschool\huffman\huffman\debug\cl.command.1.tlog
c:\cs\gradschool\huffman\huffman\debug\cl.read.1.tlog
c:\cs\gradschool\huffman\huffman\debug\cl.write.1.tlog
c:\cs\gradschool\huffman\huffman\debug\link-cvtres.read.1.tlog
c:\cs\gradschool\huffman\huffman\debug\link-cvtres.write.1.tlog
c:\cs\gradschool\huffman\huffman\debug\link.command.1.tlog
c:\cs\gradschool\huffman\huffman\debug\link.read.1.tlog
c:\cs\gradschool\huffman\huffman\debug\link.write.1.tlog
c:\cs\gradschool\huffman\huffman\debug\mt.command.1.tlog
c:\cs\gradschool\huffman\huffman\debug\mt.read.1.tlog
c:\cs\gradschool\huffman\huffman\debug\mt.write.1.tlog
c:\cs\gradschool\huffman\huffman\debug\rc.command.1.tlog
c:\cs\gradschool\huffman\huffman\debug\rc.read.1.tlog
c:\cs\gradschool\huffman\huffman\debug\rc.write.1.tlog
c:\cs\gradschool\huffman\huffman\debug\vc100.idb
c:\cs\gradschool\huffman\huffman\debug\huffman_manifest.rc
c:\cs\gradschool\huffman\huffman\debug\huffman.tlog\cl.command.1.tlog
c:\cs\gradschool\huffman\huffman\debug\huffman.tlog\cl.read.1.tlog
c:\cs\gradschool\huffman\huffman\debug\huffman.tlog\cl.write.1.tlog
c:\cs\gradschool\huffman\huffman\debug\huffman.tlog\link-cvtres.read.1.tlog
c:\cs\gradschool\huffman\huffman\debug\huffman.tlog\link-cvtres.write.1.tlog
c:\cs\gradschool\huffman\huffman\debug\huffman.tlog\link-rc.read.1.tlog
c:\cs\gradschool\huffman\huffman\debug\huffman.tlog\link-rc.write.1.tlog
c:\cs\gradschool\huffman\huffman\debug\huffman.tlog\link.command.1.tlog
c:\cs\gradschool\huffman\huffman\debug\huffman.tlog\link.read.1.tlog
c:\cs\gradschool\huffman\huffman\debug\huffman.tlog\link.write.1.tlog
